<?xml version="1.0" encoding="UTF-8"?>
<testsuite name="com.example.libr.LibrApplicationTests" tests="1" skipped="0" failures="0" errors="0" timestamp="2022-07-14T13:09:15" hostname="DITYAS" time="0.233">
  <properties/>
  <testcase name="contextLoads()" classname="com.example.libr.LibrApplicationTests" time="0.233"/>
  <system-out><![CDATA[20:09:05.599 [Test worker] DEBUG org.springframework.test.context.BootstrapUtils - Instantiating CacheAwareContextLoaderDelegate from class [org.springframework.test.context.cache.DefaultCacheAwareContextLoaderDelegate]
20:09:05.645 [Test worker] DEBUG org.springframework.test.context.BootstrapUtils - Instantiating BootstrapContext using constructor [public org.springframework.test.context.support.DefaultBootstrapContext(java.lang.Class,org.springframework.test.context.CacheAwareContextLoaderDelegate)]
20:09:05.708 [Test worker] DEBUG org.springframework.test.context.BootstrapUtils - Instantiating TestContextBootstrapper for test class [com.example.libr.LibrApplicationTests] from class [org.springframework.boot.test.context.SpringBootTestContextBootstrapper]
20:09:05.724 [Test worker] INFO org.springframework.boot.test.context.SpringBootTestContextBootstrapper - Neither @ContextConfiguration nor @ContextHierarchy found for test class [com.example.libr.LibrApplicationTests], using SpringBootContextLoader
20:09:05.739 [Test worker] DEBUG org.springframework.test.context.support.AbstractContextLoader - Did not detect default resource location for test class [com.example.libr.LibrApplicationTests]: class path resource [com/example/libr/LibrApplicationTests-context.xml] does not exist
20:09:05.739 [Test worker] DEBUG org.springframework.test.context.support.AbstractContextLoader - Did not detect default resource location for test class [com.example.libr.LibrApplicationTests]: class path resource [com/example/libr/LibrApplicationTestsContext.groovy] does not exist
20:09:05.739 [Test worker] INFO org.springframework.test.context.support.AbstractContextLoader - Could not detect default resource locations for test class [com.example.libr.LibrApplicationTests]: no resource found for suffixes {-context.xml, Context.groovy}.
20:09:05.739 [Test worker] INFO org.springframework.test.context.support.AnnotationConfigContextLoaderUtils - Could not detect default configuration classes for test class [com.example.libr.LibrApplicationTests]: LibrApplicationTests does not declare any static, non-private, non-final, nested classes annotated with @Configuration.
20:09:05.833 [Test worker] DEBUG org.springframework.test.context.support.ActiveProfilesUtils - Could not find an 'annotation declaring class' for annotation type [org.springframework.test.context.ActiveProfiles] and class [com.example.libr.LibrApplicationTests]
20:09:05.942 [Test worker] DEBUG org.springframework.context.annotation.ClassPathScanningCandidateComponentProvider - Identified candidate component class: file [E:\System\librrrr\libr\build\classes\java\main\com\example\libr\LibrApplication.class]
20:09:05.958 [Test worker] INFO org.springframework.boot.test.context.SpringBootTestContextBootstrapper - Found @SpringBootConfiguration com.example.libr.LibrApplication for test class com.example.libr.LibrApplicationTests
20:09:06.145 [Test worker] DEBUG org.springframework.boot.test.context.SpringBootTestContextBootstrapper - @TestExecutionListeners is not present for class [com.example.libr.LibrApplicationTests]: using defaults.
20:09:06.145 [Test worker] INFO org.springframework.boot.test.context.SpringBootTestContextBootstrapper - Loaded default TestExecutionListener class names from location [META-INF/spring.factories]: [org.springframework.boot.test.autoconfigure.restdocs.RestDocsTestExecutionListener, org.springframework.boot.test.autoconfigure.web.client.MockRestServiceServerResetTestExecutionListener, org.springframework.boot.test.autoconfigure.web.servlet.MockMvcPrintOnlyOnFailureTestExecutionListener, org.springframework.boot.test.autoconfigure.web.servlet.WebDriverTestExecutionListener, org.springframework.boot.test.autoconfigure.webservices.client.MockWebServiceServerTestExecutionListener, org.springframework.boot.test.mock.mockito.MockitoTestExecutionListener, org.springframework.boot.test.mock.mockito.ResetMocksTestExecutionListener, org.springframework.test.context.web.ServletTestExecutionListener, org.springframework.test.context.support.DirtiesContextBeforeModesTestExecutionListener, org.springframework.test.context.event.ApplicationEventsTestExecutionListener, org.springframework.test.context.support.DependencyInjectionTestExecutionListener, org.springframework.test.context.support.DirtiesContextTestExecutionListener, org.springframework.test.context.transaction.TransactionalTestExecutionListener, org.springframework.test.context.jdbc.SqlScriptsTestExecutionListener, org.springframework.test.context.event.EventPublishingTestExecutionListener]
20:09:06.208 [Test worker] INFO org.springframework.boot.test.context.SpringBootTestContextBootstrapper - Using TestExecutionListeners: [org.springframework.test.context.web.ServletTestExecutionListener@77128536, org.springframework.test.context.support.DirtiesContextBeforeModesTestExecutionListener@58326051, org.springframework.test.context.event.ApplicationEventsTestExecutionListener@32c4e8b2, org.springframework.boot.test.mock.mockito.MockitoTestExecutionListener@64bce832, org.springframework.boot.test.autoconfigure.SpringBootDependencyInjectionTestExecutionListener@764faa6, org.springframework.test.context.support.DirtiesContextTestExecutionListener@4c1f22f3, org.springframework.test.context.transaction.TransactionalTestExecutionListener@598bd2ba, org.springframework.test.context.jdbc.SqlScriptsTestExecutionListener@5a755cc1, org.springframework.test.context.event.EventPublishingTestExecutionListener@7ae42ce3, org.springframework.boot.test.autoconfigure.restdocs.RestDocsTestExecutionListener@4f5991f6, org.springframework.boot.test.autoconfigure.web.client.MockRestServiceServerResetTestExecutionListener@484094a5, org.springframework.boot.test.autoconfigure.web.servlet.MockMvcPrintOnlyOnFailureTestExecutionListener@38234a38, org.springframework.boot.test.autoconfigure.web.servlet.WebDriverTestExecutionListener@63fbfaeb, org.springframework.boot.test.autoconfigure.webservices.client.MockWebServiceServerTestExecutionListener@602e0143, org.springframework.boot.test.mock.mockito.ResetMocksTestExecutionListener@2c07545f]
20:09:06.255 [Test worker] DEBUG org.springframework.test.context.support.AbstractDirtiesContextTestExecutionListener - Before test class: context [DefaultTestContext@7fb95505 testClass = LibrApplicationTests, testInstance = [null], testMethod = [null], testException = [null], mergedContextConfiguration = [WebMergedContextConfiguration@58be6e8 testClass = LibrApplicationTests, locations = '{}', classes = '{class com.example.libr.LibrApplication}', contextInitializerClasses = '[]', activeProfiles = '{}', propertySourceLocations = '{}', propertySourceProperties = '{org.springframework.boot.test.context.SpringBootTestContextBootstrapper=true}', contextCustomizers = set[org.springframework.boot.test.autoconfigure.actuate.metrics.MetricsExportContextCustomizerFactory$DisableMetricExportContextCustomizer@2d901eb0, org.springframework.boot.test.autoconfigure.properties.PropertyMappingContextCustomizer@0, org.springframework.boot.test.autoconfigure.web.servlet.WebDriverContextCustomizerFactory$Customizer@402c4085, org.springframework.boot.test.context.filter.ExcludeFilterContextCustomizer@14028087, org.springframework.boot.test.json.DuplicateJsonObjectContextCustomizerFactory$DuplicateJsonObjectContextCustomizer@1750fbeb, org.springframework.boot.test.mock.mockito.MockitoContextCustomizer@0, org.springframework.boot.test.web.client.TestRestTemplateContextCustomizer@4082ba93, org.springframework.boot.test.context.SpringBootTestArgs@1, org.springframework.boot.test.context.SpringBootTestWebEnvironment@18ce0030], resourceBasePath = 'src/main/webapp', contextLoader = 'org.springframework.boot.test.context.SpringBootContextLoader', parent = [null]], attributes = map['org.springframework.test.context.web.ServletTestExecutionListener.activateListener' -> true]], class annotated with @DirtiesContext [false] with mode [null].

  .   ____          _            __ _ _
 /\\ / ___'_ __ _ _(_)_ __  __ _ \ \ \ \
( ( )\___ | '_ | '_| | '_ \/ _` | \ \ \ \
 \\/  ___)| |_)| | | | | || (_| |  ) ) ) )
  '  |____| .__|_| |_|_| |_\__, | / / / /
 =========|_|==============|___/=/_/_/_/
 :: Spring Boot ::                (v2.7.0)

2022-07-14 20:09:06.786  INFO 11152 --- [    Test worker] com.example.libr.LibrApplicationTests    : Starting LibrApplicationTests using Java 1.8.0_241 on Dityas with PID 11152 (started by HP in E:\System\librrrr\libr)
2022-07-14 20:09:06.802  INFO 11152 --- [    Test worker] com.example.libr.LibrApplicationTests    : No active profile set, falling back to 1 default profile: "default"
2022-07-14 20:09:09.255  INFO 11152 --- [    Test worker] .s.d.r.c.RepositoryConfigurationDelegate : Bootstrapping Spring Data JPA repositories in DEFAULT mode.
2022-07-14 20:09:09.364  INFO 11152 --- [    Test worker] .s.d.r.c.RepositoryConfigurationDelegate : Finished Spring Data repository scanning in 99 ms. Found 2 JPA repository interfaces.
2022-07-14 20:09:10.536  INFO 11152 --- [    Test worker] o.hibernate.jpa.internal.util.LogHelper  : HHH000204: Processing PersistenceUnitInfo [name: default]
2022-07-14 20:09:10.708  INFO 11152 --- [    Test worker] org.hibernate.Version                    : HHH000412: Hibernate ORM core version 5.6.9.Final
2022-07-14 20:09:11.052  INFO 11152 --- [    Test worker] o.hibernate.annotations.common.Version   : HCANN000001: Hibernate Commons Annotations {5.1.2.Final}
2022-07-14 20:09:11.239  INFO 11152 --- [    Test worker] com.zaxxer.hikari.HikariDataSource       : HikariPool-1 - Starting...
2022-07-14 20:09:11.505  INFO 11152 --- [    Test worker] com.zaxxer.hikari.HikariDataSource       : HikariPool-1 - Start completed.
2022-07-14 20:09:11.536  INFO 11152 --- [    Test worker] org.hibernate.dialect.Dialect            : HHH000400: Using dialect: org.hibernate.dialect.MySQL8Dialect
2022-07-14 20:09:12.849  INFO 11152 --- [    Test worker] o.h.e.t.j.p.i.JtaPlatformInitiator       : HHH000490: Using JtaPlatform implementation: [org.hibernate.engine.transaction.jta.platform.internal.NoJtaPlatform]
2022-07-14 20:09:12.864  INFO 11152 --- [    Test worker] j.LocalContainerEntityManagerFactoryBean : Initialized JPA EntityManagerFactory for persistence unit 'default'
2022-07-14 20:09:13.928  WARN 11152 --- [    Test worker] JpaBaseConfiguration$JpaWebConfiguration : spring.jpa.open-in-view is enabled by default. Therefore, database queries may be performed during view rendering. Explicitly configure spring.jpa.open-in-view to disable this warning
2022-07-14 20:09:15.475  INFO 11152 --- [    Test worker] com.example.libr.LibrApplicationTests    : Started LibrApplicationTests in 9.146 seconds (JVM running for 12.869)
]]></system-out>
  <system-err><![CDATA[]]></system-err>
</testsuite>
